#
# There is insufficient memory for the Java Runtime Environment to continue.
# Native memory allocation (malloc) failed to allocate 591696 bytes for Chunk::new
# Possible reasons:
#   The system is out of physical RAM or swap space
#   In 32 bit mode, the process size limit was hit
# Possible solutions:
#   Reduce memory load on the system
#   Increase physical memory or swap space
#   Check if swap backing store is full
#   Use 64 bit Java on a 64 bit OS
#   Decrease Java heap size (-Xmx/-Xms)
#   Decrease number of Java threads
#   Decrease Java thread stack sizes (-Xss)
#   Set larger code cache with -XX:ReservedCodeCacheSize=
# This output file may be truncated or incomplete.
#
#  Out of Memory Error (allocation.cpp:390), pid=7928, tid=0x0000000000001774
#
# JRE version: OpenJDK Runtime Environment (8.0_76-b03) (build 1.8.0_76-release-b03)
# Java VM: OpenJDK 64-Bit Server VM (25.76-b03 mixed mode windows-amd64 compressed oops)
# Failed to write core dump. Minidumps are not enabled by default on client versions of Windows
#

---------------  T H R E A D  ---------------

Current thread (0x00000000152fe000):  JavaThread "C2 CompilerThread1" daemon [_thread_in_native, id=6004, stack(0x0000000016a80000,0x0000000016b80000)]

Stack: [0x0000000016a80000,0x0000000016b80000]
[error occurred during error reporting (printing stack bounds), id 0xc0000005]

Native frames: (J=compiled Java code, j=interpreted, Vv=VM code, C=native code)


Current CompileTask:
C2:   7820 1684       4       com.android.dx.rop.code.Rops::ropFor (771 bytes)


---------------  P R O C E S S  ---------------

Java Threads: ( => current thread )
  0x0000000016f1d800 JavaThread "pool-1-thread-4" [_thread_in_Java, id=6572, stack(0x0000000017680000,0x0000000017780000)]
  0x0000000016f1c000 JavaThread "pool-1-thread-3" [_thread_in_Java, id=9064, stack(0x0000000017580000,0x0000000017680000)]
  0x0000000016f15800 JavaThread "pool-1-thread-2" [_thread_in_Java, id=5588, stack(0x0000000017480000,0x0000000017580000)]
  0x0000000016ec8000 JavaThread "pool-2-thread-1" [_thread_blocked, id=6520, stack(0x0000000017380000,0x0000000017480000)]
  0x0000000016ec1000 JavaThread "pool-1-thread-1" [_thread_in_Java, id=4140, stack(0x0000000017280000,0x0000000017380000)]
  0x0000000016c80800 JavaThread "Service Thread" daemon [_thread_blocked, id=7264, stack(0x0000000017080000,0x0000000017180000)]
  0x000000001535a800 JavaThread "C1 CompilerThread2" daemon [_thread_blocked, id=8744, stack(0x0000000016b80000,0x0000000016c80000)]
=>0x00000000152fe000 JavaThread "C2 CompilerThread1" daemon [_thread_in_native, id=6004, stack(0x0000000016a80000,0x0000000016b80000)]
  0x00000000152fa800 JavaThread "C2 CompilerThread0" daemon [_thread_in_native, id=5236, stack(0x0000000016980000,0x0000000016a80000)]
  0x00000000152f9800 JavaThread "Attach Listener" daemon [_thread_blocked, id=3232, stack(0x0000000016880000,0x0000000016980000)]
  0x00000000152f8000 JavaThread "Signal Dispatcher" daemon [_thread_blocked, id=7128, stack(0x0000000016780000,0x0000000016880000)]
  0x0000000002c25800 JavaThread "Finalizer" daemon [_thread_blocked, id=8392, stack(0x0000000016570000,0x0000000016670000)]
  0x0000000002c20000 JavaThread "Reference Handler" daemon [_thread_blocked, id=3656, stack(0x0000000016470000,0x0000000016570000)]
  0x0000000002b32800 JavaThread "main" [_thread_in_Java, id=3832, stack(0x0000000002a30000,0x0000000002b30000)]

Other Threads:
  0x00000000152c4800 VMThread [stack: 0x0000000016370000,0x0000000016470000] [id=6116]
  0x0000000016c82800 WatcherThread [stack: 0x0000000017180000,0x0000000017280000] [id=7672]

VM state:not at safepoint (normal execution)

VM Mutex/Monitor currently owned by a thread: None

Heap:
 PSYoungGen      total 65024K, used 24638K [0x00000000eab00000, 0x00000000eef00000, 0x0000000100000000)
  eden space 60416K, 33% used [0x00000000eab00000,0x00000000ebe94370,0x00000000ee600000)
  from space 4608K, 99% used [0x00000000ee600000,0x00000000eea7b6c0,0x00000000eea80000)
  to   space 4608K, 0% used [0x00000000eea80000,0x00000000eea80000,0x00000000eef00000)
 ParOldGen       total 79360K, used 14160K [0x00000000c0000000, 0x00000000c4d80000, 0x00000000eab00000)
  object space 79360K, 17% used [0x00000000c0000000,0x00000000c0dd4058,0x00000000c4d80000)
 Metaspace       used 6233K, capacity 7152K, committed 7296K, reserved 1056768K
  class space    used 578K, capacity 616K, committed 640K, reserved 1048576K

Card table byte_map: [0x0000000011ff0000,0x0000000012200000] byte_map_base: 0x00000000119f0000

Marking Bits: (ParMarkBitMap*) 0x000000006cfa9d00
 Begin Bits: [0x0000000012760000, 0x0000000013760000)
 End Bits:   [0x0000000013760000, 0x0000000014760000)

Polling page: 0x0000000000f40000

CodeCache: size=245760Kb used=8190Kb max_used=8190Kb free=237569Kb
 bounds [0x0000000002c30000, 0x0000000003440000, 0x0000000011c30000]
 total_blobs=2025 nmethods=1757 adapters=182
 compilation: enabled

Compilation events (10 events):
Event: 7.775 Thread 0x000000001535a800 1801       2       java.util.concurrent.locks.ReentrantLock::lockInterruptibly (9 bytes)
Event: 7.775 Thread 0x000000001535a800 nmethod 1801 0x0000000003430990 code [0x0000000003430b20, 0x0000000003430db8]
Event: 7.777 Thread 0x000000001535a800 1802       2       java.util.concurrent.locks.AbstractQueuedSynchronizer$Node::predecessor (19 bytes)
Event: 7.777 Thread 0x000000001535a800 nmethod 1802 0x0000000003430f90 code [0x0000000003431100, 0x0000000003431308]
Event: 7.777 Thread 0x000000001535a800 1803       2       java.util.concurrent.locks.LockSupport::setBlocker (12 bytes)
Event: 7.777 Thread 0x000000001535a800 nmethod 1803 0x00000000034313d0 code [0x0000000003431520, 0x0000000003431670]
Event: 7.799 Thread 0x000000001535a800 1805       2       com.android.dx.dex.file.AnnotationUtils::makeSignature (251 bytes)
Event: 7.802 Thread 0x000000001535a800 nmethod 1805 0x0000000003431a90 code [0x0000000003431da0, 0x0000000003432e88]
Event: 7.809 Thread 0x000000001535a800 1806       2       com.android.dx.rop.code.CstInsn::contentEquals (31 bytes)
Event: 7.810 Thread 0x000000001535a800 nmethod 1806 0x0000000003434650 code [0x00000000034347c0, 0x00000000034349d8]

GC Heap History (6 events):
Event: 3.711 GC heap before
{Heap before GC invocations=1 (full 0):
 PSYoungGen      total 34816K, used 30208K [0x00000000eab00000, 0x00000000ed180000, 0x0000000100000000)
  eden space 30208K, 100% used [0x00000000eab00000,0x00000000ec880000,0x00000000ec880000)
  from space 4608K, 0% used [0x00000000ecd00000,0x00000000ecd00000,0x00000000ed180000)
  to   space 4608K, 0% used [0x00000000ec880000,0x00000000ec880000,0x00000000ecd00000)
 ParOldGen       total 79360K, used 0K [0x00000000c0000000, 0x00000000c4d80000, 0x00000000eab00000)
  object space 79360K, 0% used [0x00000000c0000000,0x00000000c0000000,0x00000000c4d80000)
 Metaspace       used 5976K, capacity 6960K, committed 7040K, reserved 1056768K
  class space    used 576K, capacity 616K, committed 640K, reserved 1048576K
Event: 3.785 GC heap after
Heap after GC invocations=1 (full 0):
 PSYoungGen      total 34816K, used 4597K [0x00000000eab00000, 0x00000000eef00000, 0x0000000100000000)
  eden space 30208K, 0% used [0x00000000eab00000,0x00000000eab00000,0x00000000ec880000)
  from space 4608K, 99% used [0x00000000ec880000,0x00000000eccfd6d8,0x00000000ecd00000)
  to   space 4608K, 0% used [0x00000000eea80000,0x00000000eea80000,0x00000000eef00000)
 ParOldGen       total 79360K, used 1110K [0x00000000c0000000, 0x00000000c4d80000, 0x00000000eab00000)
  object space 79360K, 1% used [0x00000000c0000000,0x00000000c01158a0,0x00000000c4d80000)
 Metaspace       used 5976K, capacity 6960K, committed 7040K, reserved 1056768K
  class space    used 576K, capacity 616K, committed 640K, reserved 1048576K
}
Event: 5.358 GC heap before
{Heap before GC invocations=2 (full 0):
 PSYoungGen      total 34816K, used 34805K [0x00000000eab00000, 0x00000000eef00000, 0x0000000100000000)
  eden space 30208K, 100% used [0x00000000eab00000,0x00000000ec880000,0x00000000ec880000)
  from space 4608K, 99% used [0x00000000ec880000,0x00000000eccfd6d8,0x00000000ecd00000)
  to   space 4608K, 0% used [0x00000000eea80000,0x00000000eea80000,0x00000000eef00000)
 ParOldGen       total 79360K, used 1110K [0x00000000c0000000, 0x00000000c4d80000, 0x00000000eab00000)
  object space 79360K, 1% used [0x00000000c0000000,0x00000000c01158a0,0x00000000c4d80000)
 Metaspace       used 6138K, capacity 7088K, committed 7296K, reserved 1056768K
  class space    used 578K, capacity 616K, committed 640K, reserved 1048576K
Event: 5.437 GC heap after
Heap after GC invocations=2 (full 0):
 PSYoungGen      total 65024K, used 4599K [0x00000000eab00000, 0x00000000eef00000, 0x0000000100000000)
  eden space 60416K, 0% used [0x00000000eab00000,0x00000000eab00000,0x00000000ee600000)
  from space 4608K, 99% used [0x00000000eea80000,0x00000000eeefdf48,0x00000000eef00000)
  to   space 4608K, 0% used [0x00000000ee600000,0x00000000ee600000,0x00000000eea80000)
 ParOldGen       total 79360K, used 5700K [0x00000000c0000000, 0x00000000c4d80000, 0x00000000eab00000)
  object space 79360K, 7% used [0x00000000c0000000,0x00000000c0591028,0x00000000c4d80000)
 Metaspace       used 6138K, capacity 7088K, committed 7296K, reserved 1056768K
  class space    used 578K, capacity 616K, committed 640K, reserved 1048576K
}
Event: 7.466 GC heap before
{Heap before GC invocations=3 (full 0):
 PSYoungGen      total 65024K, used 65015K [0x00000000eab00000, 0x00000000eef00000, 0x0000000100000000)
  eden space 60416K, 100% used [0x00000000eab00000,0x00000000ee600000,0x00000000ee600000)
  from space 4608K, 99% used [0x00000000eea80000,0x00000000eeefdf48,0x00000000eef00000)
  to   space 4608K, 0% used [0x00000000ee600000,0x00000000ee600000,0x00000000eea80000)
 ParOldGen       total 79360K, used 5700K [0x00000000c0000000, 0x00000000c4d80000, 0x00000000eab00000)
  object space 79360K, 7% used [0x00000000c0000000,0x00000000c0591028,0x00000000c4d80000)
 Metaspace       used 6219K, capacity 7152K, committed 7296K, reserved 1056768K
  class space    used 578K, capacity 616K, committed 640K, reserved 1048576K
Event: 7.578 GC heap after
Heap after GC invocations=3 (full 0):
 PSYoungGen      total 65024K, used 4589K [0x00000000eab00000, 0x00000000eef00000, 0x0000000100000000)
  eden space 60416K, 0% used [0x00000000eab00000,0x00000000eab00000,0x00000000ee600000)
  from space 4608K, 99% used [0x00000000ee600000,0x00000000eea7b6c0,0x00000000eea80000)
  to   space 4608K, 0% used [0x00000000eea80000,0x00000000eea80000,0x00000000eef00000)
 ParOldGen       total 79360K, used 14160K [0x00000000c0000000, 0x00000000c4d80000, 0x00000000eab00000)
  object space 79360K, 17% used [0x00000000c0000000,0x00000000c0dd4058,0x00000000c4d80000)
 Metaspace       used 6219K, capacity 7152K, committed 7296K, reserved 1056768K
  class space    used 578K, capacity 616K, committed 640K, reserved 1048576K
}

Deoptimization events (10 events):
Event: 5.567 Thread 0x0000000016f15800 Uncommon trap: reason=bimorphic action=maybe_recompile pc=0x0000000003270fa8 method=com.android.dx.ssa.LiteralOpUpgrader.tryReplacingWithConstant(Lcom/android/dx/ssa/NormalSsaInsn;)Z @ 52
Event: 5.668 Thread 0x0000000016ec1000 Uncommon trap: reason=class_check action=maybe_recompile pc=0x0000000003214198 method=java.util.HashMap.putVal(ILjava/lang/Object;Ljava/lang/Object;ZZ)Ljava/lang/Object; @ 203
Event: 5.681 Thread 0x0000000016ec1000 Uncommon trap: reason=class_check action=maybe_recompile pc=0x0000000003214198 method=java.util.HashMap.putVal(ILjava/lang/Object;Ljava/lang/Object;ZZ)Ljava/lang/Object; @ 203
Event: 6.101 Thread 0x0000000002b32800 Uncommon trap: reason=unloaded action=reinterpret pc=0x00000000032bfa3c method=com.android.dx.cf.cst.ConstantPoolParser.parse0(ILjava/util/BitSet;)Lcom/android/dx/rop/cst/Constant; @ 220
Event: 6.106 Thread 0x0000000002b32800 Uncommon trap: reason=unstable_if action=reinterpret pc=0x00000000031db760 method=com.android.dx.ssa.SCCP.simulateStmt(Lcom/android/dx/ssa/SsaInsn;)V @ 59
Event: 6.113 Thread 0x0000000002b32800 Uncommon trap: reason=uninitialized action=reinterpret pc=0x00000000032f262c method=com.android.dx.cf.code.BytecodeArray.parseInstruction(ILcom/android/dx/cf/code/BytecodeArray$Visitor;)I @ 1095
Event: 6.999 Thread 0x0000000016f1c000 Uncommon trap: reason=unstable_if action=reinterpret pc=0x00000000033abcd4 method=com.android.dx.cf.code.RopperMachine.run(Lcom/android/dx/cf/code/Frame;II)V @ 1250
Event: 7.593 Thread 0x0000000016ec1000 Uncommon trap: reason=unstable_if action=reinterpret pc=0x00000000032a9c80 method=com.android.dx.rop.code.LocalItem.compareHandlesNulls(Lcom/android/dx/rop/cst/CstString;Lcom/android/dx/rop/cst/CstString;)I @ 14
Event: 7.594 Thread 0x0000000016ec1000 Uncommon trap: reason=unstable_if action=reinterpret pc=0x000000000327b230 method=com.android.dx.rop.code.LocalItem.compareHandlesNulls(Lcom/android/dx/rop/cst/CstString;Lcom/android/dx/rop/cst/CstString;)I @ 14
Event: 7.594 Thread 0x0000000016ec1000 Uncommon trap: reason=unstable_if action=reinterpret pc=0x0000000003348d70 method=com.android.dx.rop.code.LocalItem.compareHandlesNulls(Lcom/android/dx/rop/cst/CstString;Lcom/android/dx/rop/cst/CstString;)I @ 14

Internal exceptions (7 events):
Event: 0.533 Thread 0x0000000002b32800 Exception <a 'java/lang/NoSuchMethodError': Method sun.misc.Unsafe.defineClass(Ljava/lang/String;[BII)Ljava/lang/Class; name or signature does not match> (0x00000000eab07cc0) thrown at [C:\src\android\AOSP-openjdk\external\jetbrains\jdk\hotspot\src\share\v»oágÌ·?
Event: 0.533 Thread 0x0000000002b32800 Exception <a 'java/lang/NoSuchMethodError': Method sun.misc.Unsafe.prefetchRead(Ljava/lang/Object;J)V name or signature does not match> (0x00000000eab07fa8) thrown at [C:\src\android\AOSP-openjdk\external\jetbrains\jdk\hotspot\src\share\vm\prims\jni.cpp, lbíe
ˇÅ@
Event: 3.813 Thread 0x0000000016f15800 Implicit null exception at 0x0000000002ff7522 to 0x0000000002ff7612
Event: 4.031 Thread 0x0000000016f1c000 Implicit null exception at 0x0000000002f93f6e to 0x0000000002f95df5
Event: 7.593 Thread 0x0000000016ec1000 Implicit null exception at 0x00000000032a8b4a to 0x00000000032a9c71
Event: 7.594 Thread 0x0000000016ec1000 Implicit null exception at 0x0000000003279e3d to 0x000000000327b215
Event: 7.594 Thread 0x0000000016ec1000 Implicit null exception at 0x0000000003347c57 to 0x0000000003348d61

Events (10 events):
Event: 7.594 Thread 0x0000000016ec1000 Uncommon trap: trap_request=0xffffff65 fr.pc=0x000000000327b230
Event: 7.594 Thread 0x0000000016ec1000 DEOPT PACKING pc=0x000000000327b230 sp=0x000000001737e580
Event: 7.594 Thread 0x0000000016ec1000 DEOPT UNPACKING pc=0x0000000002c7556a sp=0x000000001737e378 mode 2
Event: 7.594 Thread 0x0000000016ec1000 Uncommon trap: trap_request=0xffffff65 fr.pc=0x0000000003348d70
Event: 7.594 Thread 0x0000000016ec1000 DEOPT PACKING pc=0x0000000003348d70 sp=0x000000001737e8c0
Event: 7.594 Thread 0x0000000016ec1000 DEOPT UNPACKING pc=0x0000000002c7556a sp=0x000000001737e6d0 mode 2
Event: 7.691 Thread 0x0000000016f1d800 DEOPT PACKING pc=0x000000000317cdbd sp=0x000000001777ebb0
Event: 7.691 Thread 0x0000000016f1d800 DEOPT UNPACKING pc=0x0000000002c771bf sp=0x000000001777e8e8 mode 0
Event: 7.736 Thread 0x0000000016f1c000 DEOPT PACKING pc=0x00000000033a16e9 sp=0x000000001767ec20
Event: 7.736 Thread 0x0000000016f1c000 DEOPT UNPACKING pc=0x0000000002c771bf sp=0x000000001767ea28 mode 0


Dynamic libraries:
0x00007ff7585d0000 - 0x00007ff758601000 	C:\Program Files\Android\Android Studio\jre\bin\java.exe
0x00007ffeb7590000 - 0x00007ffeb7761000 	C:\WINDOWS\SYSTEM32\ntdll.dll
0x00007ffeb57a0000 - 0x00007ffeb584b000 	C:\WINDOWS\System32\KERNEL32.DLL
0x00007ffeb3e00000 - 0x00007ffeb401d000 	C:\WINDOWS\System32\KERNELBASE.dll
0x00007ffeb58b0000 - 0x00007ffeb5952000 	C:\WINDOWS\System32\ADVAPI32.dll
0x00007ffeb4d40000 - 0x00007ffeb4dde000 	C:\WINDOWS\System32\msvcrt.dll
0x00007ffeb4b20000 - 0x00007ffeb4b79000 	C:\WINDOWS\System32\sechost.dll
0x00007ffeb5000000 - 0x00007ffeb5121000 	C:\WINDOWS\System32\RPCRT4.dll
0x00007ffeb5a60000 - 0x00007ffeb5bc5000 	C:\WINDOWS\System32\USER32.dll
0x00007ffeb3de0000 - 0x00007ffeb3dfe000 	C:\WINDOWS\System32\win32u.dll
0x00007ffeb4fb0000 - 0x00007ffeb4fe4000 	C:\WINDOWS\System32\GDI32.dll
0x00007ffeb3c50000 - 0x00007ffeb3dd2000 	C:\WINDOWS\System32\gdi32full.dll
0x00007ffea3e70000 - 0x00007ffea40e9000 	C:\WINDOWS\WinSxS\amd64_microsoft.windows.common-controls_6595b64144ccf1df_6.0.14393.447_none_42191651c6827bb3\COMCTL32.dll
0x00007ffeb54a0000 - 0x00007ffeb5768000 	C:\WINDOWS\System32\combase.dll
0x00007ffeb4070000 - 0x00007ffeb4165000 	C:\WINDOWS\System32\ucrtbase.dll
0x00007ffeb4220000 - 0x00007ffeb428a000 	C:\WINDOWS\System32\bcryptPrimitives.dll
0x00007ffeb5770000 - 0x00007ffeb579e000 	C:\WINDOWS\System32\IMM32.DLL
0x000000006e270000 - 0x000000006e342000 	C:\Program Files\Android\Android Studio\jre\jre\bin\msvcr100.dll
0x000000006c7f0000 - 0x000000006d024000 	C:\Program Files\Android\Android Studio\jre\jre\bin\server\jvm.dll
0x00007ffeb4ff0000 - 0x00007ffeb4ff8000 	C:\WINDOWS\System32\PSAPI.DLL
0x00007ffeab6d0000 - 0x00007ffeab6d9000 	C:\WINDOWS\SYSTEM32\WSOCK32.dll
0x00007ffeb5be0000 - 0x00007ffeb5c4a000 	C:\WINDOWS\System32\WS2_32.dll
0x00007ffeb1cd0000 - 0x00007ffeb1cf3000 	C:\WINDOWS\SYSTEM32\WINMM.dll
0x00007ffeaf210000 - 0x00007ffeaf21a000 	C:\WINDOWS\SYSTEM32\VERSION.dll
0x00007ffeb1c70000 - 0x00007ffeb1c9b000 	C:\WINDOWS\SYSTEM32\WINMMBASE.dll
0x00007ffeb4020000 - 0x00007ffeb4062000 	C:\WINDOWS\System32\cfgmgr32.dll
0x00007ffeae3d0000 - 0x00007ffeae3df000 	C:\Program Files\Android\Android Studio\jre\jre\bin\verify.dll
0x00007ffea74c0000 - 0x00007ffea74e9000 	C:\Program Files\Android\Android Studio\jre\jre\bin\java.dll
0x00007ffeaa020000 - 0x00007ffeaa036000 	C:\Program Files\Android\Android Studio\jre\jre\bin\zip.dll
0x00007ffeb6080000 - 0x00007ffeb7589000 	C:\WINDOWS\System32\SHELL32.dll
0x00007ffeb4440000 - 0x00007ffeb4b1a000 	C:\WINDOWS\System32\windows.storage.dll
0x00007ffeb3a30000 - 0x00007ffeb3a7c000 	C:\WINDOWS\System32\powrprof.dll
0x00007ffeb5130000 - 0x00007ffeb5182000 	C:\WINDOWS\System32\shlwapi.dll
0x00007ffeb3a20000 - 0x00007ffeb3a2f000 	C:\WINDOWS\System32\kernel.appcore.dll
0x00007ffeb4290000 - 0x00007ffeb4339000 	C:\WINDOWS\System32\shcore.dll
0x00007ffeb3a00000 - 0x00007ffeb3a14000 	C:\WINDOWS\System32\profapi.dll

VM Arguments:
jvm_args: -Djava.awt.headless=true -Xmx1024M -Dfile.encoding=windows-1252 -Duser.country=MX -Duser.language=es -Duser.variant 
java_command: com.android.dx.command.Main --dex --num-threads=4 --output C:\Users\Juan\Desktop\Mascota_apk-master\app\build\intermediates\pre-dexed\debug\com.android.support-design-24.1.1_f32ce5d5edbe33e9210032db28fcfa665081451f.jar C:\Users\Juan\Desktop\Mascota_apk-master\app\build\intermediates\exploded-aar\com.android.support\design\24.1.1\jars\classes.jar
java_class_path (initial): C:\Users\Juan\AppData\Local\Android\sdk\build-tools\24.0.0\lib\dx.jar
Launcher Type: SUN_STANDARD

Environment Variables:
PATH=C:\WINDOWS\system32;C:\WINDOWS;C:\WINDOWS\System32\Wbem;C:\WINDOWS\System32\WindowsPowerShell\v1.0\;C:\Program Files (x86)\ATI Technologies\ATI.ACE\Core-Static;C:\Program Files\Microsoft SQL Server\130\Tools\Binn\;C:\Program Files\Microsoft SQL Server\120\Tools\Binn\;C:\Program Files\Microsoft SQL Server\110\DTS\Binn\;C:\Program Files (x86)\Microsoft SQL Server\110\Tools\Binn\ManagementStudio\;C:\Program Files (x86)\Microsoft SQL Server\110\Tools\Binn\;C:\Program Files\Microsoft SQL Server\110\Tools\Binn\;C:\Program Files (x86)\Microsoft Visual Studio 10.0\Common7\IDE\PrivateAssemblies\;C:\Program Files (x86)\Microsoft SQL Server\110\DTS\Binn\;C:\Program Files (x86)\nodejs\;C:\Program Files\Git\cmd;C:\WINDOWS\system32\config\systemprofile\.dnx\bin;C:\Program Files\Microsoft DNX\Dnvm\;C:\Program Files (x86)\Windows Live\Shared;C:\Users\Juan\AppData\Roaming\npm;%USERPROFILE%\AppData\Local\Microsoft\WindowsApps;
USERNAME=Juan
OS=Windows_NT
PROCESSOR_IDENTIFIER=AMD64 Family 21 Model 19 Stepping 1, AuthenticAMD



---------------  S Y S T E M  ---------------

OS: Windows 10.0 , 64 bit Build 14393 (10.0.14393.0)

CPU:total 4 (4 cores per cpu, 1 threads per core) family 21 model 19 stepping 1, cmov, cx8, fxsr, mmx, sse, sse2, sse3, ssse3, sse4.1, sse4.2, popcnt, avx, aes, clmul, mmxext, 3dnowpref, lzcnt, sse4a, tsc, tscinvbit, tscinv, bmi1

Memory: 4k page, physical 7538188k(1419296k free), swap 7538188k(5632k free)

vm_info: OpenJDK 64-Bit Server VM (25.76-b03) for windows-amd64 JRE (1.8.0_76-release-b03), built on Jun 29 2016 19:09:20 by "ralucas" with MS VC++ 10.0 (VS2010)

time: Sun Jan 01 16:12:17 2017
elapsed time: 7 seconds (0d 0h 0m 7s)

